Removed Pin From Net: NetName=BATT- Pin=C1-2
Removed Pin From Net: NetName=BATT- Pin=C1-3
Removed Pin From Net: NetName=BATT+ Pin=C1-4
Removed Pin From Net: NetName=BATT- Pin=C2-2
Removed Pin From Net: NetName=BATT- Pin=C2-3
Removed Pin From Net: NetName=BATT- Pin=J6-1
Removed Pin From Net: NetName=BATT- Pin=J7-1
Removed Pin From Net: NetName=BATT- Pin=J8-1
Removed Pin From Net: NetName=BATT- Pin=J9-1
Removed Pin From Net: NetName=BATT+ Pin=R1-1
Removed Pin From Net: NetName=BATT- Pin=R1-2
Removed Pin From Net: NetName=BATT+ Pin=R2-1
Removed Pin From Net: NetName=BATT- Pin=R2-2
Removed Pin From Net: NetName=BATT- Pin=R3-2
Removed Pin From Net: NetName=BATT- Pin=R4-1
Removed Member From Class: ClassName=DC Link Non-Isolated Member=C1
Removed Member From Class: ClassName=DC Link Non-Isolated Member=C2
Removed Member From Class: ClassName=DC Link Non-Isolated Member=J5
Removed Member From Class: ClassName=DC Link Non-Isolated Member=J6
Removed Member From Class: ClassName=DC Link Non-Isolated Member=J7
Removed Member From Class: ClassName=DC Link Non-Isolated Member=J8
Removed Member From Class: ClassName=DC Link Non-Isolated Member=J9
Removed Member From Class: ClassName=DC Link Non-Isolated Member=R1
Removed Member From Class: ClassName=DC Link Non-Isolated Member=R2
Removed Member From Class: ClassName=DC Link Non-Isolated Member=R3
Removed Member From Class: ClassName=DC Link Non-Isolated Member=R4
Added Component: Designator=C?(C4AQLBW6130A3NK)
Add component (AddParameter): Name = "Arrow Part Number"; Value = "C4AQLBW6130A3NK"; VariantName = "[No Variations]"
Add component (AddParameter): Name = "Arrow Price/Stock"; Value = "https://www.digikey.ca/en/products/detail/kemet/C4AQLBW6130A3NK/8345973"; VariantName = "[No Variations]"
Add component (AddParameter): Name = "Datasheet Link"; Value = "https://api.kemet.com/component-edge/download/specsheet/C4AQLBW6130A3NK.pdf"; VariantName = "[No Variations]"
Add component (AddParameter): Name = "Height"; Value = "50.3mm"; VariantName = "[No Variations]"
Add component (AddParameter): Name = "Manufacturer_Name"; Value = "Kemet"; VariantName = "[No Variations]"
Add component (AddParameter): Name = "Manufacturer_Part_Number"; Value = "C4AQLBW6130A3NK"; VariantName = "[No Variations]"
Add component (AddParameter): Name = "Mouser Part Number"; Value = "C4AQLBW6130A3NK"; VariantName = "[No Variations]"
Add component (AddParameter): Name = "Mouser Price/Stock"; Value = "https://www.digikey.ca/en/products/detail/kemet/C4AQLBW6130A3NK/8345973"; VariantName = "[No Variations]"
Added Component: Designator=C?(C4AQLBW6130A3NK)
Add component (AddParameter): Name = "Arrow Part Number"; Value = "C4AQLBW6130A3NK"; VariantName = "[No Variations]"
Add component (AddParameter): Name = "Arrow Price/Stock"; Value = "https://www.digikey.ca/en/products/detail/kemet/C4AQLBW6130A3NK/8345973"; VariantName = "[No Variations]"
Add component (AddParameter): Name = "Datasheet Link"; Value = "https://api.kemet.com/component-edge/download/specsheet/C4AQLBW6130A3NK.pdf"; VariantName = "[No Variations]"
Add component (AddParameter): Name = "Height"; Value = "50.3mm"; VariantName = "[No Variations]"
Add component (AddParameter): Name = "Manufacturer_Name"; Value = "Kemet"; VariantName = "[No Variations]"
Add component (AddParameter): Name = "Manufacturer_Part_Number"; Value = "C4AQLBW6130A3NK"; VariantName = "[No Variations]"
Add component (AddParameter): Name = "Mouser Part Number"; Value = "C4AQLBW6130A3NK"; VariantName = "[No Variations]"
Add component (AddParameter): Name = "Mouser Price/Stock"; Value = "https://www.digikey.ca/en/products/detail/kemet/C4AQLBW6130A3NK/8345973"; VariantName = "[No Variations]"
Added Component: Designator=J?(8730)
Add component (AddParameter): Name = "Arrow Part Number"; Value = "8730"; VariantName = "[No Variations]"
Add component (AddParameter): Name = "Arrow Price/Stock"; Value = ""; VariantName = "[No Variations]"
Add component (AddParameter): Name = "Datasheet Link"; Value = "https://www.mouser.com/datasheet/2/215/730-743759.pdf"; VariantName = "[No Variations]"
Add component (AddParameter): Name = "Height"; Value = "4.88mm"; VariantName = "[No Variations]"
Add component (AddParameter): Name = "Manufacturer_Name"; Value = "Keystone Electronics"; VariantName = "[No Variations]"
Add component (AddParameter): Name = "Manufacturer_Part_Number"; Value = "8730"; VariantName = "[No Variations]"
Add component (AddParameter): Name = "Mouser Part Number"; Value = "534-8730"; VariantName = "[No Variations]"
Add component (AddParameter): Name = "Mouser Price/Stock"; Value = "https://www.mouser.co.uk/ProductDetail/Keystone-Electronics/8730?qs=%252B%252BPv0l39JAEHqkiHVP218w%3D%3D"; VariantName = "[No Variations]"
Added Component: Designator=J?(8730)
Add component (AddParameter): Name = "Arrow Part Number"; Value = "8730"; VariantName = "[No Variations]"
Add component (AddParameter): Name = "Arrow Price/Stock"; Value = ""; VariantName = "[No Variations]"
Add component (AddParameter): Name = "Datasheet Link"; Value = "https://www.mouser.com/datasheet/2/215/730-743759.pdf"; VariantName = "[No Variations]"
Add component (AddParameter): Name = "Height"; Value = "4.88mm"; VariantName = "[No Variations]"
Add component (AddParameter): Name = "Manufacturer_Name"; Value = "Keystone Electronics"; VariantName = "[No Variations]"
Add component (AddParameter): Name = "Manufacturer_Part_Number"; Value = "8730"; VariantName = "[No Variations]"
Add component (AddParameter): Name = "Mouser Part Number"; Value = "534-8730"; VariantName = "[No Variations]"
Add component (AddParameter): Name = "Mouser Price/Stock"; Value = "https://www.mouser.co.uk/ProductDetail/Keystone-Electronics/8730?qs=%252B%252BPv0l39JAEHqkiHVP218w%3D%3D"; VariantName = "[No Variations]"
Added Component: Designator=J?(8730)
Add component (AddParameter): Name = "Arrow Part Number"; Value = "8730"; VariantName = "[No Variations]"
Add component (AddParameter): Name = "Arrow Price/Stock"; Value = ""; VariantName = "[No Variations]"
Add component (AddParameter): Name = "Datasheet Link"; Value = "https://www.mouser.com/datasheet/2/215/730-743759.pdf"; VariantName = "[No Variations]"
Add component (AddParameter): Name = "Height"; Value = "4.88mm"; VariantName = "[No Variations]"
Add component (AddParameter): Name = "Manufacturer_Name"; Value = "Keystone Electronics"; VariantName = "[No Variations]"
Add component (AddParameter): Name = "Manufacturer_Part_Number"; Value = "8730"; VariantName = "[No Variations]"
Add component (AddParameter): Name = "Mouser Part Number"; Value = "534-8730"; VariantName = "[No Variations]"
Add component (AddParameter): Name = "Mouser Price/Stock"; Value = "https://www.mouser.co.uk/ProductDetail/Keystone-Electronics/8730?qs=%252B%252BPv0l39JAEHqkiHVP218w%3D%3D"; VariantName = "[No Variations]"
Added Component: Designator=J?(8730)
Add component (AddParameter): Name = "Arrow Part Number"; Value = "8730"; VariantName = "[No Variations]"
Add component (AddParameter): Name = "Arrow Price/Stock"; Value = ""; VariantName = "[No Variations]"
Add component (AddParameter): Name = "Datasheet Link"; Value = "https://www.mouser.com/datasheet/2/215/730-743759.pdf"; VariantName = "[No Variations]"
Add component (AddParameter): Name = "Height"; Value = "4.88mm"; VariantName = "[No Variations]"
Add component (AddParameter): Name = "Manufacturer_Name"; Value = "Keystone Electronics"; VariantName = "[No Variations]"
Add component (AddParameter): Name = "Manufacturer_Part_Number"; Value = "8730"; VariantName = "[No Variations]"
Add component (AddParameter): Name = "Mouser Part Number"; Value = "534-8730"; VariantName = "[No Variations]"
Add component (AddParameter): Name = "Mouser Price/Stock"; Value = "https://www.mouser.co.uk/ProductDetail/Keystone-Electronics/8730?qs=%252B%252BPv0l39JAEHqkiHVP218w%3D%3D"; VariantName = "[No Variations]"
Added Component: Designator=J?(8730)
Add component (AddParameter): Name = "Arrow Part Number"; Value = "8730"; VariantName = "[No Variations]"
Add component (AddParameter): Name = "Arrow Price/Stock"; Value = ""; VariantName = "[No Variations]"
Add component (AddParameter): Name = "Datasheet Link"; Value = "https://www.mouser.com/datasheet/2/215/730-743759.pdf"; VariantName = "[No Variations]"
Add component (AddParameter): Name = "Height"; Value = "4.88mm"; VariantName = "[No Variations]"
Add component (AddParameter): Name = "Manufacturer_Name"; Value = "Keystone Electronics"; VariantName = "[No Variations]"
Add component (AddParameter): Name = "Manufacturer_Part_Number"; Value = "8730"; VariantName = "[No Variations]"
Add component (AddParameter): Name = "Mouser Part Number"; Value = "534-8730"; VariantName = "[No Variations]"
Add component (AddParameter): Name = "Mouser Price/Stock"; Value = "https://www.mouser.co.uk/ProductDetail/Keystone-Electronics/8730?qs=%252B%252BPv0l39JAEHqkiHVP218w%3D%3D"; VariantName = "[No Variations]"
Added Component: Designator=J?(8730)
Add component (AddParameter): Name = "Arrow Part Number"; Value = "8730"; VariantName = "[No Variations]"
Add component (AddParameter): Name = "Arrow Price/Stock"; Value = ""; VariantName = "[No Variations]"
Add component (AddParameter): Name = "Datasheet Link"; Value = "https://www.mouser.com/datasheet/2/215/730-743759.pdf"; VariantName = "[No Variations]"
Add component (AddParameter): Name = "Height"; Value = "4.88mm"; VariantName = "[No Variations]"
Add component (AddParameter): Name = "Manufacturer_Name"; Value = "Keystone Electronics"; VariantName = "[No Variations]"
Add component (AddParameter): Name = "Manufacturer_Part_Number"; Value = "8730"; VariantName = "[No Variations]"
Add component (AddParameter): Name = "Mouser Part Number"; Value = "534-8730"; VariantName = "[No Variations]"
Add component (AddParameter): Name = "Mouser Price/Stock"; Value = "https://www.mouser.co.uk/ProductDetail/Keystone-Electronics/8730?qs=%252B%252BPv0l39JAEHqkiHVP218w%3D%3D"; VariantName = "[No Variations]"
Added Component: Designator=J?(8730)
Add component (AddParameter): Name = "Arrow Part Number"; Value = "8730"; VariantName = "[No Variations]"
Add component (AddParameter): Name = "Arrow Price/Stock"; Value = ""; VariantName = "[No Variations]"
Add component (AddParameter): Name = "Datasheet Link"; Value = "https://www.mouser.com/datasheet/2/215/730-743759.pdf"; VariantName = "[No Variations]"
Add component (AddParameter): Name = "Height"; Value = "4.88mm"; VariantName = "[No Variations]"
Add component (AddParameter): Name = "Manufacturer_Name"; Value = "Keystone Electronics"; VariantName = "[No Variations]"
Add component (AddParameter): Name = "Manufacturer_Part_Number"; Value = "8730"; VariantName = "[No Variations]"
Add component (AddParameter): Name = "Mouser Part Number"; Value = "534-8730"; VariantName = "[No Variations]"
Add component (AddParameter): Name = "Mouser Price/Stock"; Value = "https://www.mouser.co.uk/ProductDetail/Keystone-Electronics/8730?qs=%252B%252BPv0l39JAEHqkiHVP218w%3D%3D"; VariantName = "[No Variations]"
Added Component: Designator=J?(HDR1X2)
Add component (AddParameter): Name = "LatestRevisionDate"; Value = "17-Jul-2002"; VariantName = "[No Variations]"
Add component (AddParameter): Name = "LatestRevisionNote"; Value = "Re-released for DXP Platform."; VariantName = "[No Variations]"
Add component (AddParameter): Name = "Publisher"; Value = "Altium Limited"; VariantName = "[No Variations]"
Added Component: Designator=J?(8730)
Add component (AddParameter): Name = "Arrow Part Number"; Value = "8730"; VariantName = "[No Variations]"
Add component (AddParameter): Name = "Arrow Price/Stock"; Value = ""; VariantName = "[No Variations]"
Add component (AddParameter): Name = "Datasheet Link"; Value = "https://www.mouser.com/datasheet/2/215/730-743759.pdf"; VariantName = "[No Variations]"
Add component (AddParameter): Name = "Height"; Value = "4.88mm"; VariantName = "[No Variations]"
Add component (AddParameter): Name = "Manufacturer_Name"; Value = "Keystone Electronics"; VariantName = "[No Variations]"
Add component (AddParameter): Name = "Manufacturer_Part_Number"; Value = "8730"; VariantName = "[No Variations]"
Add component (AddParameter): Name = "Mouser Part Number"; Value = "534-8730"; VariantName = "[No Variations]"
Add component (AddParameter): Name = "Mouser Price/Stock"; Value = "https://www.mouser.co.uk/ProductDetail/Keystone-Electronics/8730?qs=%252B%252BPv0l39JAEHqkiHVP218w%3D%3D"; VariantName = "[No Variations]"
Added Component: Designator=J?(8730)
Add component (AddParameter): Name = "Arrow Part Number"; Value = "8730"; VariantName = "[No Variations]"
Add component (AddParameter): Name = "Arrow Price/Stock"; Value = ""; VariantName = "[No Variations]"
Add component (AddParameter): Name = "Datasheet Link"; Value = "https://www.mouser.com/datasheet/2/215/730-743759.pdf"; VariantName = "[No Variations]"
Add component (AddParameter): Name = "Height"; Value = "4.88mm"; VariantName = "[No Variations]"
Add component (AddParameter): Name = "Manufacturer_Name"; Value = "Keystone Electronics"; VariantName = "[No Variations]"
Add component (AddParameter): Name = "Manufacturer_Part_Number"; Value = "8730"; VariantName = "[No Variations]"
Add component (AddParameter): Name = "Mouser Part Number"; Value = "534-8730"; VariantName = "[No Variations]"
Add component (AddParameter): Name = "Mouser Price/Stock"; Value = "https://www.mouser.co.uk/ProductDetail/Keystone-Electronics/8730?qs=%252B%252BPv0l39JAEHqkiHVP218w%3D%3D"; VariantName = "[No Variations]"
Added Component: Designator=J?(8730)
Add component (AddParameter): Name = "Arrow Part Number"; Value = "8730"; VariantName = "[No Variations]"
Add component (AddParameter): Name = "Arrow Price/Stock"; Value = ""; VariantName = "[No Variations]"
Add component (AddParameter): Name = "Datasheet Link"; Value = "https://www.mouser.com/datasheet/2/215/730-743759.pdf"; VariantName = "[No Variations]"
Add component (AddParameter): Name = "Height"; Value = "4.88mm"; VariantName = "[No Variations]"
Add component (AddParameter): Name = "Manufacturer_Name"; Value = "Keystone Electronics"; VariantName = "[No Variations]"
Add component (AddParameter): Name = "Manufacturer_Part_Number"; Value = "8730"; VariantName = "[No Variations]"
Add component (AddParameter): Name = "Mouser Part Number"; Value = "534-8730"; VariantName = "[No Variations]"
Add component (AddParameter): Name = "Mouser Price/Stock"; Value = "https://www.mouser.co.uk/ProductDetail/Keystone-Electronics/8730?qs=%252B%252BPv0l39JAEHqkiHVP218w%3D%3D"; VariantName = "[No Variations]"
Added Component: Designator=J?(8730)
Add component (AddParameter): Name = "Arrow Part Number"; Value = "8730"; VariantName = "[No Variations]"
Add component (AddParameter): Name = "Arrow Price/Stock"; Value = ""; VariantName = "[No Variations]"
Add component (AddParameter): Name = "Datasheet Link"; Value = "https://www.mouser.com/datasheet/2/215/730-743759.pdf"; VariantName = "[No Variations]"
Add component (AddParameter): Name = "Height"; Value = "4.88mm"; VariantName = "[No Variations]"
Add component (AddParameter): Name = "Manufacturer_Name"; Value = "Keystone Electronics"; VariantName = "[No Variations]"
Add component (AddParameter): Name = "Manufacturer_Part_Number"; Value = "8730"; VariantName = "[No Variations]"
Add component (AddParameter): Name = "Mouser Part Number"; Value = "534-8730"; VariantName = "[No Variations]"
Add component (AddParameter): Name = "Mouser Price/Stock"; Value = "https://www.mouser.co.uk/ProductDetail/Keystone-Electronics/8730?qs=%252B%252BPv0l39JAEHqkiHVP218w%3D%3D"; VariantName = "[No Variations]"
Added Component: Designator=J?(8730)
Add component (AddParameter): Name = "Arrow Part Number"; Value = "8730"; VariantName = "[No Variations]"
Add component (AddParameter): Name = "Arrow Price/Stock"; Value = ""; VariantName = "[No Variations]"
Add component (AddParameter): Name = "Datasheet Link"; Value = "https://www.mouser.com/datasheet/2/215/730-743759.pdf"; VariantName = "[No Variations]"
Add component (AddParameter): Name = "Height"; Value = "4.88mm"; VariantName = "[No Variations]"
Add component (AddParameter): Name = "Manufacturer_Name"; Value = "Keystone Electronics"; VariantName = "[No Variations]"
Add component (AddParameter): Name = "Manufacturer_Part_Number"; Value = "8730"; VariantName = "[No Variations]"
Add component (AddParameter): Name = "Mouser Part Number"; Value = "534-8730"; VariantName = "[No Variations]"
Add component (AddParameter): Name = "Mouser Price/Stock"; Value = "https://www.mouser.co.uk/ProductDetail/Keystone-Electronics/8730?qs=%252B%252BPv0l39JAEHqkiHVP218w%3D%3D"; VariantName = "[No Variations]"
Added Component: Designator=R?(J1-0603)
Add component (AddParameter): Name = "LatestRevisionDate"; Value = "29-May-2009"; VariantName = "[No Variations]"
Add component (AddParameter): Name = "LatestRevisionNote"; Value = "IPC-7351 Footprint Added."; VariantName = "[No Variations]"
Add component (AddParameter): Name = "PackageDescription"; Value = "Chip Resistor"; VariantName = "[No Variations]"
Add component (AddParameter): Name = "PackageReference"; Value = "J1-0603"; VariantName = "[No Variations]"
Add component (AddParameter): Name = "Published"; Value = "8-Jun-2000"; VariantName = "[No Variations]"
Add component (AddParameter): Name = "Publisher"; Value = "Altium Limited"; VariantName = "[No Variations]"
Add component (AddParameter): Name = "Value"; Value = "100K"; VariantName = "[No Variations]"
Added Component: Designator=R?(C1206)
Add component (AddParameter): Name = "LatestRevisionDate"; Value = "29-May-2009"; VariantName = "[No Variations]"
Add component (AddParameter): Name = "LatestRevisionNote"; Value = "IPC-7351 Footprint Added."; VariantName = "[No Variations]"
Add component (AddParameter): Name = "PackageDescription"; Value = "Chip Resistor"; VariantName = "[No Variations]"
Add component (AddParameter): Name = "PackageReference"; Value = "J1-0603"; VariantName = "[No Variations]"
Add component (AddParameter): Name = "Published"; Value = "8-Jun-2000"; VariantName = "[No Variations]"
Add component (AddParameter): Name = "Publisher"; Value = "Altium Limited"; VariantName = "[No Variations]"
Add component (AddParameter): Name = "Value"; Value = "39K"; VariantName = "[No Variations]"
Added Component: Designator=R?(J1-0603)
Add component (AddParameter): Name = "LatestRevisionDate"; Value = "29-May-2009"; VariantName = "[No Variations]"
Add component (AddParameter): Name = "LatestRevisionNote"; Value = "IPC-7351 Footprint Added."; VariantName = "[No Variations]"
Add component (AddParameter): Name = "PackageDescription"; Value = "Chip Resistor"; VariantName = "[No Variations]"
Add component (AddParameter): Name = "PackageReference"; Value = "J1-0603"; VariantName = "[No Variations]"
Add component (AddParameter): Name = "Published"; Value = "8-Jun-2000"; VariantName = "[No Variations]"
Add component (AddParameter): Name = "Publisher"; Value = "Altium Limited"; VariantName = "[No Variations]"
Add component (AddParameter): Name = "Value"; Value = "4.3K"; VariantName = "[No Variations]"
Added Component: Designator=R?(C1206)
Add component (AddParameter): Name = "LatestRevisionDate"; Value = "29-May-2009"; VariantName = "[No Variations]"
Add component (AddParameter): Name = "LatestRevisionNote"; Value = "IPC-7351 Footprint Added."; VariantName = "[No Variations]"
Add component (AddParameter): Name = "PackageDescription"; Value = "Chip Resistor"; VariantName = "[No Variations]"
Add component (AddParameter): Name = "PackageReference"; Value = "J1-0603"; VariantName = "[No Variations]"
Add component (AddParameter): Name = "Published"; Value = "8-Jun-2000"; VariantName = "[No Variations]"
Add component (AddParameter): Name = "Publisher"; Value = "Altium Limited"; VariantName = "[No Variations]"
Add component (AddParameter): Name = "Value"; Value = "39K"; VariantName = "[No Variations]"
Added Pin To Net: NetName=BATT- Pin=C?-2
Added Pin To Net: NetName=BATT- Pin=C?-2
Added Pin To Net: NetName=BATT- Pin=C?-3
Added Pin To Net: NetName=BATT- Pin=C?-3
Added Pin To Net: NetName=BATT+ Pin=C?-4
Added Pin To Net: NetName=BATT+ Pin=J?-1
Added Pin To Net: NetName=BATT+ Pin=J?-1
Added Pin To Net: NetName=BATT+ Pin=J?-1
Added Pin To Net: NetName=BATT+ Pin=J?-1
Added Pin To Net: NetName=BATT- Pin=J?-1
Added Pin To Net: NetName=BATT- Pin=J?-1
Added Pin To Net: NetName=BATT- Pin=J?-1
Added Pin To Net: NetName=BATT- Pin=J?-1
Added Pin To Net: NetName=BATT- Pin=J?-1
Added Pin To Net: NetName=BATT- Pin=J?-1
Added Pin To Net: NetName=BATT- Pin=J?-1
Added Pin To Net: NetName=BATT- Pin=J?-1
Added Pin To Net: NetName=BATT+ Pin=R?-1
Added Pin To Net: NetName=BATT+ Pin=R?-1
Added Pin To Net: NetName=BATT- Pin=R?-1
Added Pin To Net: NetName=BATT- Pin=R?-2
Added Pin To Net: NetName=BATT- Pin=R?-2
Added Pin To Net: NetName=BATT- Pin=R?-2
Added Pin To Net: NetName=NetC?_1 Pin=C?-1
Added Pin To Net: NetName=NetC?_1 Pin=C?-1
Added Pin To Net: NetName=NetC?_1 Pin=C?-4
Added Net: Name=NetC?_1
Added Pin To Net: NetName=NetJ?_1 Pin=J?-1
Added Pin To Net: NetName=NetJ?_1 Pin=R?-1
Added Pin To Net: NetName=NetJ?_1 Pin=R?-2
Added Net: Name=NetJ?_1
Added Member To Class: ClassName=DC Link Non-Isolated Member=Component C? C4AQLBW6130A3NK
Added Member To Class: ClassName=DC Link Non-Isolated Member=Component C? C4AQLBW6130A3NK
Added Member To Class: ClassName=DC Link Non-Isolated Member=Component J? 8730
Added Member To Class: ClassName=DC Link Non-Isolated Member=Component J? 8730
Added Member To Class: ClassName=DC Link Non-Isolated Member=Component J? 8730
Added Member To Class: ClassName=DC Link Non-Isolated Member=Component J? 8730
Added Member To Class: ClassName=DC Link Non-Isolated Member=Component J? 8730
Added Member To Class: ClassName=DC Link Non-Isolated Member=Component J? 8730
Added Member To Class: ClassName=DC Link Non-Isolated Member=Component J? 8730
Added Member To Class: ClassName=DC Link Non-Isolated Member=Component J? Header 2
Added Member To Class: ClassName=DC Link Non-Isolated Member=Component J? 8730
Added Member To Class: ClassName=DC Link Non-Isolated Member=Component J? 8730
Added Member To Class: ClassName=DC Link Non-Isolated Member=Component J? 8730
Added Member To Class: ClassName=DC Link Non-Isolated Member=Component J? 8730
Added Member To Class: ClassName=DC Link Non-Isolated Member=Component J? 8730
Added Member To Class: ClassName=DC Link Non-Isolated Member=Component R? Res3
Added Member To Class: ClassName=DC Link Non-Isolated Member=Component R? Res3
Added Member To Class: ClassName=DC Link Non-Isolated Member=Component R? Res3
Added Member To Class: ClassName=DC Link Non-Isolated Member=Component R? Res3
Added Room: Name=DC Link Non-Isolated
