Removed Pin From Net: NetName=3V3 Pin=C11-1
Removed Pin From Net: NetName=GND Pin=C11-2
Removed Pin From Net: NetName=3V3 Pin=C12-1
Removed Pin From Net: NetName=GND Pin=C12-2
Removed Pin From Net: NetName=GND Pin=C13-2
Removed Pin From Net: NetName=GND Pin=D2-4
Removed Pin From Net: NetName=GND Pin=D2-5
Removed Pin From Net: NetName=GND Pin=D2-6
Removed Pin From Net: NetName=PA6 Pin=P1-1
Removed Pin From Net: NetName=PA7 Pin=P1-2
Removed Pin From Net: NetName=PC4 Pin=P1-3
Removed Pin From Net: NetName=PC5 Pin=P1-4
Removed Pin From Net: NetName=PB1 Pin=P1-5
Removed Pin From Net: NetName=PB2 Pin=P1-6
Removed Pin From Net: NetName=PB10 Pin=P1-7
Removed Pin From Net: NetName=PB11 Pin=P1-8
Removed Pin From Net: NetName=PC6 Pin=P1-13
Removed Pin From Net: NetName=PC7 Pin=P1-14
Removed Pin From Net: NetName=PC8 Pin=P1-15
Removed Pin From Net: NetName=PC9 Pin=P1-16
Removed Pin From Net: NetName=PA8 Pin=P1-17
Removed Pin From Net: NetName=PA9 Pin=P1-18
Removed Pin From Net: NetName=PA10 Pin=P1-19
Removed Pin From Net: NetName=PA11 Pin=P1-20
Removed Pin From Net: NetName=PA12 Pin=P1-21
Removed Pin From Net: NetName=PA13 Pin=P1-22
Removed Pin From Net: NetName=PA14 Pin=P1-23
Removed Pin From Net: NetName=PC10 Pin=P1-24
Removed Pin From Net: NetName=PC11 Pin=P1-25
Removed Pin From Net: NetName=PC12 Pin=P1-26
Removed Pin From Net: NetName=PD2 Pin=P1-27
Removed Pin From Net: NetName=PB3 Pin=P1-28
Removed Pin From Net: NetName=PB4 Pin=P1-29
Removed Pin From Net: NetName=PB5 Pin=P1-30
Removed Pin From Net: NetName=PB6 Pin=P1-31
Removed Pin From Net: NetName=PA5 Pin=P2-12
Removed Pin From Net: NetName=PA4 Pin=P2-13
Removed Pin From Net: NetName=PA3 Pin=P2-14
Removed Pin From Net: NetName=PA2 Pin=P2-15
Removed Pin From Net: NetName=PA1 Pin=P2-16
Removed Pin From Net: NetName=PA0 Pin=P2-17
Removed Pin From Net: NetName=PC3 Pin=P2-18
Removed Pin From Net: NetName=PC2 Pin=P2-19
Removed Pin From Net: NetName=PC1 Pin=P2-20
Removed Pin From Net: NetName=PC0 Pin=P2-21
Removed Pin From Net: NetName=PH1 Pin=P2-23
Removed Pin From Net: NetName=PH0 Pin=P2-24
Removed Pin From Net: NetName=PC13 Pin=P2-25
Removed Pin From Net: NetName=PB9 Pin=P2-26
Removed Pin From Net: NetName=PB8 Pin=P2-27
Removed Pin From Net: NetName=PB7 Pin=P2-28
Removed Pin From Net: NetName=PA15 Pin=P2-29
Removed Pin From Net: NetName=GND Pin=P3-1
Removed Pin From Net: NetName=GND Pin=P3-2
Removed Pin From Net: NetName=3V3 Pin=P3-3
Removed Pin From Net: NetName=3V3 Pin=P3-4
Removed Pin From Net: NetName=GND Pin=P4-1
Removed Pin From Net: NetName=GND Pin=P4-2
Removed Pin From Net: NetName=3V3 Pin=P4-3
Removed Pin From Net: NetName=3V3 Pin=P4-4
Removed Pin From Net: NetName=GND Pin=Q1-3
Removed Pin From Net: NetName=GND Pin=R1-1
Removed Pin From Net: NetName=3V3 Pin=R2-2
Removed Pin From Net: NetName=GND Pin=R4-2
Removed Pin From Net: NetName=3V3 Pin=R6-2
Removed Pin From Net: NetName=PB9 Pin=R8-2
Removed Pin From Net: NetName=PA0 Pin=R9-2
Removed Pin From Net: NetName=PB5 Pin=R10-2
Removed Pin From Net: NetName=GND Pin=S1-2
Removed Pin From Net: NetName=PC13 Pin=U1-2
Removed Pin From Net: NetName=NetR11_1 Pin=U1-3
Removed Pin From Net: NetName=NetC7_2 Pin=U1-4
Removed Pin From Net: NetName=PH0 Pin=U1-5
Removed Pin From Net: NetName=PH1 Pin=U1-6
Removed Pin From Net: NetName=PC0 Pin=U1-8
Removed Pin From Net: NetName=PC1 Pin=U1-9
Removed Pin From Net: NetName=PC2 Pin=U1-10
Removed Pin From Net: NetName=PC3 Pin=U1-11
Removed Pin From Net: NetName=GND Pin=U1-12
Removed Pin From Net: NetName=3V3 Pin=U1-13
Removed Pin From Net: NetName=PA0 Pin=U1-14
Removed Pin From Net: NetName=PA1 Pin=U1-15
Removed Pin From Net: NetName=PA2 Pin=U1-16
Removed Pin From Net: NetName=PA3 Pin=U1-17
Removed Pin From Net: NetName=GND Pin=U1-18
Removed Pin From Net: NetName=3V3 Pin=U1-19
Removed Pin From Net: NetName=PA4 Pin=U1-20
Removed Pin From Net: NetName=PA5 Pin=U1-21
Removed Pin From Net: NetName=PA6 Pin=U1-22
Removed Pin From Net: NetName=PA7 Pin=U1-23
Removed Pin From Net: NetName=PC4 Pin=U1-24
Removed Pin From Net: NetName=PC5 Pin=U1-25
Removed Pin From Net: NetName=PB1 Pin=U1-27
Removed Pin From Net: NetName=PB2 Pin=U1-28
Removed Pin From Net: NetName=PB10 Pin=U1-29
Removed Pin From Net: NetName=PB11 Pin=U1-30
Removed Pin From Net: NetName=NetC2_2 Pin=U1-31
Removed Pin From Net: NetName=3V3 Pin=U1-32
Removed Pin From Net: NetName=PC6 Pin=U1-37
Removed Pin From Net: NetName=PC7 Pin=U1-38
Removed Pin From Net: NetName=PC8 Pin=U1-39
Removed Pin From Net: NetName=PC9 Pin=U1-40
Removed Pin From Net: NetName=PA8 Pin=U1-41
Removed Pin From Net: NetName=PA9 Pin=U1-42
Removed Pin From Net: NetName=PA10 Pin=U1-43
Removed Pin From Net: NetName=PA11 Pin=U1-44
Removed Pin From Net: NetName=PA12 Pin=U1-45
Removed Pin From Net: NetName=PA13 Pin=U1-46
Removed Pin From Net: NetName=NetC1_2 Pin=U1-47
Removed Pin From Net: NetName=3V3 Pin=U1-48
Removed Pin From Net: NetName=PA14 Pin=U1-49
Removed Pin From Net: NetName=PA15 Pin=U1-50
Removed Pin From Net: NetName=PC10 Pin=U1-51
Removed Pin From Net: NetName=PC11 Pin=U1-52
Removed Pin From Net: NetName=PC12 Pin=U1-53
Removed Pin From Net: NetName=PD2 Pin=U1-54
Removed Pin From Net: NetName=PB3 Pin=U1-55
Removed Pin From Net: NetName=PB4 Pin=U1-56
Removed Pin From Net: NetName=PB5 Pin=U1-57
Removed Pin From Net: NetName=PB6 Pin=U1-58
Removed Pin From Net: NetName=PB7 Pin=U1-59
Removed Pin From Net: NetName=PB8 Pin=U1-61
Removed Pin From Net: NetName=PB9 Pin=U1-62
Removed Pin From Net: NetName=GND Pin=U1-63
Removed Pin From Net: NetName=3V3 Pin=U1-64
Removed Pin From Net: NetName=GND Pin=U2-1
Removed Pin From Net: NetName=3V3 Pin=U2-6
Removed Pin From Net: NetName=3V3 Pin=U2-7
Removed Pin From Net: NetName=3V3 Pin=U2-8
Removed Pin From Net: NetName=3V3 Pin=U2-9
Removed Pin From Net: NetName=3V3 Pin=U2-12
Removed Pin From Net: NetName=GND Pin=U2-13
Removed Pin From Net: NetName=GND Pin=U2-14
Removed Member From Class: ClassName=STM32 Member=D2
Removed Member From Class: ClassName=STM32 Member=R8
Removed Member From Class: ClassName=STM32 Member=R9
Removed Member From Class: ClassName=STM32 Member=R10
Removed Member From Class: ClassName=STM32 Member=U1
Added Component: Designator=C?(C0805)
Add component (AddParameter): Name = "LatestRevisionDate"; Value = "17-Jul-2002"; VariantName = "[No Variations]"
Add component (AddParameter): Name = "LatestRevisionNote"; Value = "Re-released for DXP Platform."; VariantName = "[No Variations]"
Add component (AddParameter): Name = "PackageDescription"; Value = "Radial Cap, Thru-Hole; 2 Leads; 0.3 in Pin Spacing"; VariantName = "[No Variations]"
Add component (AddParameter): Name = "PackageReference"; Value = "RAD-0.3"; VariantName = "[No Variations]"
Add component (AddParameter): Name = "Published"; Value = "8-Jun-2000"; VariantName = "[No Variations]"
Add component (AddParameter): Name = "Publisher"; Value = "Altium Limited"; VariantName = "[No Variations]"
Add component (AddParameter): Name = "Value"; Value = "100nF"; VariantName = "[No Variations]"
Added Component: Designator=R?(J1-0603)
Add component (AddParameter): Name = "LatestRevisionDate"; Value = "17-Jul-2002"; VariantName = "[No Variations]"
Add component (AddParameter): Name = "LatestRevisionNote"; Value = "Re-released for DXP Platform."; VariantName = "[No Variations]"
Add component (AddParameter): Name = "PackageDescription"; Value = "Axial Device, Thru-Hole; 2 Leads; 0.3 in Pin Spacing"; VariantName = "[No Variations]"
Add component (AddParameter): Name = "PackageReference"; Value = "AXIAL-0.3"; VariantName = "[No Variations]"
Add component (AddParameter): Name = "Published"; Value = "8-Jun-2000"; VariantName = "[No Variations]"
Add component (AddParameter): Name = "Publisher"; Value = "Altium Limited"; VariantName = "[No Variations]"
Add component (AddParameter): Name = "Value"; Value = "10K"; VariantName = "[No Variations]"
Added Component: Designator=S?(PTS636 SM43 SMTR LFS)
Add component (AddParameter): Name = "LatestRevisionDate"; Value = "17-Jul-2002"; VariantName = "[No Variations]"
Add component (AddParameter): Name = "LatestRevisionNote"; Value = "Re-released for DXP Platform."; VariantName = "[No Variations]"
Add component (AddParameter): Name = "PackageDescription"; Value = "Switch; 2 Leads"; VariantName = "[No Variations]"
Add component (AddParameter): Name = "PackageReference"; Value = "SPST-2"; VariantName = "[No Variations]"
Add component (AddParameter): Name = "Published"; Value = "24-Mar-1999"; VariantName = "[No Variations]"
Add component (AddParameter): Name = "Publisher"; Value = "Altium Limited"; VariantName = "[No Variations]"
Added Component: Designator=U?(STM32F405RGT6TR)
Added Pin To Net: NetName=GND Pin=C?-2
Added Pin To Net: NetName=3V3 Pin=R?-2
Added Pin To Net: NetName=GND Pin=S?-2
Added Pin To Net: NetName=PC13 Pin=U?-2
Added Pin To Net: NetName=NetR11_1 Pin=U?-3
Added Pin To Net: NetName=NetC7_2 Pin=U?-4
Added Pin To Net: NetName=PH0 Pin=U?-5
Added Pin To Net: NetName=PH1 Pin=U?-6
Added Pin To Net: NetName=PC0 Pin=U?-8
Added Pin To Net: NetName=PC1 Pin=U?-9
Added Pin To Net: NetName=PC2 Pin=U?-10
Added Pin To Net: NetName=PC3 Pin=U?-11
Added Pin To Net: NetName=GND Pin=U?-12
Added Pin To Net: NetName=3V3 Pin=U?-13
Added Pin To Net: NetName=PA0 Pin=U?-14
Added Pin To Net: NetName=PA1 Pin=U?-15
Added Pin To Net: NetName=PA2 Pin=U?-16
Added Pin To Net: NetName=PA3 Pin=U?-17
Added Pin To Net: NetName=GND Pin=U?-18
Added Pin To Net: NetName=3V3 Pin=U?-19
Added Pin To Net: NetName=PA4 Pin=U?-20
Added Pin To Net: NetName=PA5 Pin=U?-21
Added Pin To Net: NetName=PA6 Pin=U?-22
Added Pin To Net: NetName=PA7 Pin=U?-23
Added Pin To Net: NetName=PC4 Pin=U?-24
Added Pin To Net: NetName=PC5 Pin=U?-25
Added Pin To Net: NetName=PB1 Pin=U?-27
Added Pin To Net: NetName=PB2 Pin=U?-28
Added Pin To Net: NetName=PB10 Pin=U?-29
Added Pin To Net: NetName=PB11 Pin=U?-30
Added Pin To Net: NetName=NetC2_2 Pin=U?-31
Added Pin To Net: NetName=3V3 Pin=U?-32
Added Pin To Net: NetName=PC6 Pin=U?-37
Added Pin To Net: NetName=PC7 Pin=U?-38
Added Pin To Net: NetName=PC8 Pin=U?-39
Added Pin To Net: NetName=PC9 Pin=U?-40
Added Pin To Net: NetName=PA8 Pin=U?-41
Added Pin To Net: NetName=PA9 Pin=U?-42
Added Pin To Net: NetName=PA10 Pin=U?-43
Added Pin To Net: NetName=PA11 Pin=U?-44
Added Pin To Net: NetName=PA12 Pin=U?-45
Added Pin To Net: NetName=PA13 Pin=U?-46
Added Pin To Net: NetName=NetC1_2 Pin=U?-47
Added Pin To Net: NetName=3V3 Pin=U?-48
Added Pin To Net: NetName=PA14 Pin=U?-49
Added Pin To Net: NetName=PA15 Pin=U?-50
Added Pin To Net: NetName=PC10 Pin=U?-51
Added Pin To Net: NetName=PC11 Pin=U?-52
Added Pin To Net: NetName=PC12 Pin=U?-53
Added Pin To Net: NetName=PD2 Pin=U?-54
Added Pin To Net: NetName=PB3 Pin=U?-55
Added Pin To Net: NetName=PB4 Pin=U?-56
Added Pin To Net: NetName=PB5 Pin=U?-57
Added Pin To Net: NetName=PB6 Pin=U?-58
Added Pin To Net: NetName=PB7 Pin=U?-59
Added Pin To Net: NetName=GND Pin=U?-60
Added Pin To Net: NetName=PB8 Pin=U?-61
Added Pin To Net: NetName=PB9 Pin=U?-62
Added Pin To Net: NetName=GND Pin=U?-63
Added Pin To Net: NetName=3V3 Pin=U?-64
Added Pin To Net: NetName=CS Pin=U?-33
Added Net: Name=CS
Added Pin To Net: NetName=MISO Pin=U?-35
Added Net: Name=MISO
Added Pin To Net: NetName=MOSI Pin=U?-36
Added Net: Name=MOSI
Added Pin To Net: NetName=NetC?_1 Pin=C?-1
Added Pin To Net: NetName=NetC?_1 Pin=R?-1
Added Pin To Net: NetName=NetC?_1 Pin=S?-1
Added Pin To Net: NetName=NetC?_1 Pin=U?-7
Added Net: Name=NetC?_1
Added Pin To Net: NetName=NetU?_26 Pin=U?-26
Added Net: Name=NetU?_26
Added Pin To Net: NetName=SCK Pin=U?-34
Added Net: Name=SCK
Change Class Name : Old Net Name=STM32 New Net Name=MCU
Added Member To Class: ClassName=MCU Member=Component C? 10V
Added Member To Class: ClassName=MCU Member=Component R? 5%
Added Member To Class: ClassName=MCU Member=Component S? SW-PB
Added Member To Class: ClassName=MCU Member=Component U? STM32F405RGT6TR
Change Room Name: Old Name=SPI->ISO_SPI New Name=MCU
Change Room Scope: Old Scope=InComponentClass('SPI->ISO_SPI') New Scope=InComponentClass('MCU')
