Removed Pin From Net: NetName=+5 Pin=J4-5
Removed Pin From Net: NetName=+24 Pin=J4-6
Removed Pin From Net: NetName=GND Pin=J4-7
Removed Pin From Net: NetName=GND Pin=J4-8
Removed Pin From Net: NetName=NetJ9_1 Pin=U2-23
Removed Pin From Net: NetName=NetJ10_1 Pin=U2-26
Removed Pin From Net: NetName=NetJ9_2 Pin=U2-37
Removed Pin From Net: NetName=NetJ10_2 Pin=U2-38
Removed Pin From Net: NetName=NetJ8_1 Pin=U2-57
Removed Pin From Net: NetName=NetJ8_2 Pin=U2-58
Removed Pin From Net: NetName=NetU2_56 Pin=U4-10
Removed Member From Class: ClassName=MCU Member=J11
Change Component Footprint: Designator=J9 Old Footprint=HDR1X2 New Footprint=HDR1X3
Change Component Footprint: Designator=J10 Old Footprint=HDR1X2 New Footprint=HDR1X3
Change Component Footprint: Designator=J8 Old Footprint=HDR1X3 New Footprint=HDR1X2
Change Component Comment : Designator=J9 Old Comment=Header 2 New Comment=Header 3
Change Component Comment : Designator=J10 Old Comment=Header 2 New Comment=Header 3
Change Component Comment : Designator=J8 Old Comment=Header 3 New Comment=Header 2
Added Pin To Net: NetName=GND Pin=J4-6
Added Pin To Net: NetName=NetJ10_2 Pin=U2-26
Added Pin To Net: NetName=NetJ10_1 Pin=U2-27
Added Pin To Net: NetName=NetJ9_2 Pin=U2-38
Added Pin To Net: NetName=NetJ9_1 Pin=U2-39
Added Pin To Net: NetName=NetJ8_1 Pin=U2-58
Added Pin To Net: NetName=NetJ8_2 Pin=U2-59
Added Pin To Net: NetName=NetU2_56 Pin=U4-1
Added Pin To Net: NetName=NetJ4_5 Pin=J4-5
Added Pin To Net: NetName=NetJ4_5 Pin=U2-46
Added Net: Name=NetJ4_5
Added Pin To Net: NetName=NetJ4_7 Pin=J4-7
Added Pin To Net: NetName=NetJ4_7 Pin=U2-49
Added Net: Name=NetJ4_7
Added Pin To Net: NetName=NetJ4_8 Pin=J4-8
Added Pin To Net: NetName=NetJ4_8 Pin=U2-55
Added Net: Name=NetJ4_8
Added Pin To Net: NetName=NetJ9_3 Pin=J9-3
Added Pin To Net: NetName=NetJ9_3 Pin=U2-37
Added Net: Name=NetJ9_3
Added Pin To Net: NetName=NetJ10_3 Pin=J10-3
Added Pin To Net: NetName=NetJ10_3 Pin=U2-23
Added Net: Name=NetJ10_3
Added Pin To Net: NetName=NetU2_57 Pin=U2-57
Added Pin To Net: NetName=NetU2_57 Pin=U4-10
Added Net: Name=NetU2_57
